  [1m[35m (0.2ms)[0m  [1m[34mSELECT GET_LOCK('3789022151886893985', 0)[0m
  [1m[36mActiveRecord::SchemaMigration Load (4.0ms)[0m  [1m[34mSELECT `schema_migrations`.`version` FROM `schema_migrations` ORDER BY `schema_migrations`.`version` ASC[0m
  [1m[36mActiveRecord::InternalMetadata Load (0.9ms)[0m  [1m[34mSELECT * FROM `ar_internal_metadata` WHERE `ar_internal_metadata`.`key` = 'environment' ORDER BY `ar_internal_metadata`.`key` ASC LIMIT 1[0m
Migrating to CreatePosts (20240805111933)
  [1m[35m (91.1ms)[0m  [1m[35mCREATE TABLE `posts` (`id` bigint NOT NULL AUTO_INCREMENT PRIMARY KEY, `title` varchar(255), `body` text, `created_at` datetime(6) NOT NULL, `updated_at` datetime(6) NOT NULL)[0m
  [1m[36mActiveRecord::SchemaMigration Create (3.6ms)[0m  [1m[32mINSERT INTO `schema_migrations` (`version`) VALUES ('20240805111933')[0m
  [1m[35m (0.5ms)[0m  [1m[34mSELECT RELEASE_LOCK('3789022151886893985')[0m
  [1m[36mActiveRecord::SchemaMigration Load (0.7ms)[0m  [1m[34mSELECT `schema_migrations`.`version` FROM `schema_migrations` ORDER BY `schema_migrations`.`version` ASC[0m
Started GET "/" for ::1 at 2024-08-05 17:18:21 +0530
  [1m[36mActiveRecord::SchemaMigration Load (0.5ms)[0m  [1m[34mSELECT `schema_migrations`.`version` FROM `schema_migrations` ORDER BY `schema_migrations`.`version` ASC[0m
Processing by Rails::WelcomeController#index as HTML
  Rendering /home/hp/.asdf/installs/ruby/3.3.3/lib/ruby/gems/3.3.0/gems/railties-7.2.0.beta3/lib/rails/templates/rails/welcome/index.html.erb
  Rendered /home/hp/.asdf/installs/ruby/3.3.3/lib/ruby/gems/3.3.0/gems/railties-7.2.0.beta3/lib/rails/templates/rails/welcome/index.html.erb (Duration: 0.5ms | GC: 0.0ms)
Completed 200 OK in 24ms (Views: 6.5ms | ActiveRecord: 0.0ms (0 queries, 0 cached) | GC: 1.1ms)


Started GET "/posts" for ::1 at 2024-08-05 17:18:27 +0530
  
ActionController::RoutingError (No route matches [GET] "/posts"):
  
Started GET "/favicon.ico" for ::1 at 2024-08-05 17:18:28 +0530
  
ActionController::RoutingError (No route matches [GET] "/favicon.ico"):
  
Started GET "/post" for ::1 at 2024-08-05 17:53:19 +0530
  
ActionController::RoutingError (No route matches [GET] "/post"):
  
Started GET "/" for ::1 at 2024-08-05 17:53:30 +0530
Processing by Rails::WelcomeController#index as HTML
  Rendering /home/hp/.asdf/installs/ruby/3.3.3/lib/ruby/gems/3.3.0/gems/railties-7.2.0.beta3/lib/rails/templates/rails/welcome/index.html.erb
  Rendered /home/hp/.asdf/installs/ruby/3.3.3/lib/ruby/gems/3.3.0/gems/railties-7.2.0.beta3/lib/rails/templates/rails/welcome/index.html.erb (Duration: 0.4ms | GC: 0.0ms)
Completed 200 OK in 2ms (Views: 1.1ms | ActiveRecord: 0.0ms (0 queries, 0 cached) | GC: 0.0ms)


Started GET "/posts" for ::1 at 2024-08-05 17:53:33 +0530
  
ActionController::RoutingError (No route matches [GET] "/posts"):
  
Started POST "/posts" for ::1 at 2024-08-05 17:56:12 +0530
Processing by PostsController#create as */*
  Parameters: {"post"=>{"title"=>"New Title", "body"=>"This is a new post"}}
Can't verify CSRF token authenticity.
Completed 422 Unprocessable Content in 1ms (ActiveRecord: 0.0ms (0 queries, 0 cached) | GC: 0.2ms)


  
ActionController::InvalidAuthenticityToken (Can't verify CSRF token authenticity.):
  
actionpack (7.2.0.beta3) lib/action_controller/metal/request_forgery_protection.rb:312:in `handle_unverified_request'
actionpack (7.2.0.beta3) lib/action_controller/metal/request_forgery_protection.rb:406:in `handle_unverified_request'
actionpack (7.2.0.beta3) lib/action_controller/metal/request_forgery_protection.rb:395:in `verify_authenticity_token'
activesupport (7.2.0.beta3) lib/active_support/callbacks.rb:362:in `block in make_lambda'
activesupport (7.2.0.beta3) lib/active_support/callbacks.rb:179:in `block in call'
actionpack (7.2.0.beta3) lib/abstract_controller/callbacks.rb:34:in `block (2 levels) in <module:Callbacks>'
activesupport (7.2.0.beta3) lib/active_support/callbacks.rb:180:in `call'
activesupport (7.2.0.beta3) lib/active_support/callbacks.rb:559:in `block in invoke_before'
activesupport (7.2.0.beta3) lib/active_support/callbacks.rb:559:in `each'
activesupport (7.2.0.beta3) lib/active_support/callbacks.rb:559:in `invoke_before'
activesupport (7.2.0.beta3) lib/active_support/callbacks.rb:119:in `block in run_callbacks'
activesupport (7.2.0.beta3) lib/active_support/callbacks.rb:141:in `run_callbacks'
actionpack (7.2.0.beta3) lib/abstract_controller/callbacks.rb:260:in `process_action'
actionpack (7.2.0.beta3) lib/action_controller/metal/rescue.rb:27:in `process_action'
actionpack (7.2.0.beta3) lib/action_controller/metal/instrumentation.rb:77:in `block in process_action'
activesupport (7.2.0.beta3) lib/active_support/notifications.rb:210:in `block in instrument'
activesupport (7.2.0.beta3) lib/active_support/notifications/instrumenter.rb:58:in `instrument'
activesupport (7.2.0.beta3) lib/active_support/notifications.rb:210:in `instrument'
actionpack (7.2.0.beta3) lib/action_controller/metal/instrumentation.rb:76:in `process_action'
actionpack (7.2.0.beta3) lib/action_controller/metal/params_wrapper.rb:259:in `process_action'
activerecord (7.2.0.beta3) lib/active_record/railties/controller_runtime.rb:39:in `process_action'
actionpack (7.2.0.beta3) lib/abstract_controller/base.rb:163:in `process'
actionview (7.2.0.beta3) lib/action_view/rendering.rb:40:in `process'
actionpack (7.2.0.beta3) lib/action_controller/metal.rb:252:in `dispatch'
actionpack (7.2.0.beta3) lib/action_controller/metal.rb:335:in `dispatch'
actionpack (7.2.0.beta3) lib/action_dispatch/routing/route_set.rb:67:in `dispatch'
actionpack (7.2.0.beta3) lib/action_dispatch/routing/route_set.rb:50:in `serve'
actionpack (7.2.0.beta3) lib/action_dispatch/journey/router.rb:53:in `block in serve'
actionpack (7.2.0.beta3) lib/action_dispatch/journey/router.rb:133:in `block in find_routes'
actionpack (7.2.0.beta3) lib/action_dispatch/journey/router.rb:126:in `each'
actionpack (7.2.0.beta3) lib/action_dispatch/journey/router.rb:126:in `find_routes'
actionpack (7.2.0.beta3) lib/action_dispatch/journey/router.rb:34:in `serve'
actionpack (7.2.0.beta3) lib/action_dispatch/routing/route_set.rb:896:in `call'
rack (3.1.7) lib/rack/tempfile_reaper.rb:20:in `call'
rack (3.1.7) lib/rack/etag.rb:29:in `call'
rack (3.1.7) lib/rack/conditional_get.rb:43:in `call'
rack (3.1.7) lib/rack/head.rb:15:in `call'
actionpack (7.2.0.beta3) lib/action_dispatch/http/permissions_policy.rb:38:in `call'
actionpack (7.2.0.beta3) lib/action_dispatch/http/content_security_policy.rb:36:in `call'
rack-session (2.0.0) lib/rack/session/abstract/id.rb:272:in `context'
rack-session (2.0.0) lib/rack/session/abstract/id.rb:266:in `call'
actionpack (7.2.0.beta3) lib/action_dispatch/middleware/cookies.rb:704:in `call'
activerecord (7.2.0.beta3) lib/active_record/migration.rb:674:in `call'
actionpack (7.2.0.beta3) lib/action_dispatch/middleware/callbacks.rb:31:in `block in call'
activesupport (7.2.0.beta3) lib/active_support/callbacks.rb:101:in `run_callbacks'
actionpack (7.2.0.beta3) lib/action_dispatch/middleware/callbacks.rb:30:in `call'
actionpack (7.2.0.beta3) lib/action_dispatch/middleware/executor.rb:16:in `call'
actionpack (7.2.0.beta3) lib/action_dispatch/middleware/actionable_exceptions.rb:18:in `call'
actionpack (7.2.0.beta3) lib/action_dispatch/middleware/debug_exceptions.rb:31:in `call'
web-console (4.2.1) lib/web_console/middleware.rb:132:in `call_app'
web-console (4.2.1) lib/web_console/middleware.rb:28:in `block in call'
web-console (4.2.1) lib/web_console/middleware.rb:17:in `catch'
web-console (4.2.1) lib/web_console/middleware.rb:17:in `call'
actionpack (7.2.0.beta3) lib/action_dispatch/middleware/show_exceptions.rb:32:in `call'
railties (7.2.0.beta3) lib/rails/rack/logger.rb:41:in `call_app'
railties (7.2.0.beta3) lib/rails/rack/logger.rb:29:in `call'
sprockets-rails (3.5.2) lib/sprockets/rails/quiet_assets.rb:17:in `call'
actionpack (7.2.0.beta3) lib/action_dispatch/middleware/remote_ip.rb:96:in `call'
actionpack (7.2.0.beta3) lib/action_dispatch/middleware/request_id.rb:33:in `call'
rack (3.1.7) lib/rack/method_override.rb:28:in `call'
rack (3.1.7) lib/rack/runtime.rb:24:in `call'
activesupport (7.2.0.beta3) lib/active_support/cache/strategy/local_cache_middleware.rb:29:in `call'
actionpack (7.2.0.beta3) lib/action_dispatch/middleware/server_timing.rb:61:in `block in call'
actionpack (7.2.0.beta3) lib/action_dispatch/middleware/server_timing.rb:26:in `collect_events'
actionpack (7.2.0.beta3) lib/action_dispatch/middleware/server_timing.rb:60:in `call'
actionpack (7.2.0.beta3) lib/action_dispatch/middleware/executor.rb:16:in `call'
actionpack (7.2.0.beta3) lib/action_dispatch/middleware/static.rb:27:in `call'
rack (3.1.7) lib/rack/sendfile.rb:114:in `call'
actionpack (7.2.0.beta3) lib/action_dispatch/middleware/host_authorization.rb:143:in `call'
railties (7.2.0.beta3) lib/rails/engine.rb:535:in `call'
puma (6.4.2) lib/puma/configuration.rb:272:in `call'
puma (6.4.2) lib/puma/request.rb:100:in `block in handle_request'
puma (6.4.2) lib/puma/thread_pool.rb:378:in `with_force_shutdown'
puma (6.4.2) lib/puma/request.rb:99:in `handle_request'
puma (6.4.2) lib/puma/server.rb:464:in `process_client'
puma (6.4.2) lib/puma/server.rb:245:in `block in run'
puma (6.4.2) lib/puma/thread_pool.rb:155:in `block in spawn_thread'
Started POST "/posts" for ::1 at 2024-08-05 17:58:10 +0530
Processing by PostsController#create as */*
  Parameters: {"post"=>{"title"=>"New Title", "body"=>"This is a new post"}}
  [1m[36mTRANSACTION (0.2ms)[0m  [1m[35mBEGIN[0m
  ↳ app/controllers/posts_controller.rb:5:in `create'
  [1m[36mPost Create (1.3ms)[0m  [1m[32mINSERT INTO `posts` (`title`, `body`, `created_at`, `updated_at`) VALUES ('New Title', 'This is a new post', '2024-08-05 12:28:10.278895', '2024-08-05 12:28:10.278895')[0m
  ↳ app/controllers/posts_controller.rb:5:in `create'
  [1m[36mTRANSACTION (3.2ms)[0m  [1m[35mCOMMIT[0m
  ↳ app/controllers/posts_controller.rb:5:in `create'
Completed 201 Created in 958ms (Views: 0.7ms | ActiveRecord: 8.6ms (1 query, 0 cached) | GC: 6.2ms)


Started POST "/posts" for ::1 at 2024-08-05 17:58:36 +0530
Processing by PostsController#create as */*
  Parameters: {"post"=>{"title"=>"New Title", "body"=>"This is a new post"}}
  [1m[36mTRANSACTION (0.1ms)[0m  [1m[35mBEGIN[0m
  ↳ app/controllers/posts_controller.rb:5:in `create'
  [1m[36mPost Create (1.4ms)[0m  [1m[32mINSERT INTO `posts` (`title`, `body`, `created_at`, `updated_at`) VALUES ('New Title', 'This is a new post', '2024-08-05 12:28:36.805695', '2024-08-05 12:28:36.805695')[0m
  ↳ app/controllers/posts_controller.rb:5:in `create'
  [1m[36mTRANSACTION (4.0ms)[0m  [1m[35mCOMMIT[0m
  ↳ app/controllers/posts_controller.rb:5:in `create'
Completed 201 Created in 1736ms (Views: 0.5ms | ActiveRecord: 5.4ms (1 query, 0 cached) | GC: 0.0ms)


Started PUT "/posts/1" for ::1 at 2024-08-05 17:59:11 +0530
Processing by PostsController#update as */*
  Parameters: {"post"=>{"title"=>"Updated Title", "body"=>"This is an updated post"}, "id"=>"1"}
  [1m[36mPost Load (0.2ms)[0m  [1m[34mSELECT `posts`.* FROM `posts` WHERE `posts`.`id` = 1 LIMIT 1[0m
  ↳ app/controllers/posts_controller.rb:13:in `update'
  [1m[36mTRANSACTION (0.1ms)[0m  [1m[35mBEGIN[0m
  ↳ app/controllers/posts_controller.rb:14:in `update'
  [1m[36mPost Update (0.3ms)[0m  [1m[33mUPDATE `posts` SET `posts`.`title` = 'Updated Title', `posts`.`body` = 'This is an updated post', `posts`.`updated_at` = '2024-08-05 12:29:11.723716' WHERE `posts`.`id` = 1[0m
  ↳ app/controllers/posts_controller.rb:14:in `update'
  [1m[36mTRANSACTION (3.7ms)[0m  [1m[35mCOMMIT[0m
  ↳ app/controllers/posts_controller.rb:14:in `update'
Completed 200 OK in 1036ms (Views: 0.6ms | ActiveRecord: 4.3ms (2 queries, 0 cached) | GC: 0.8ms)


Started GET "/posts" for ::1 at 2024-08-05 18:00:40 +0530
  
ActionController::RoutingError (No route matches [GET] "/posts"):
  
Started GET "/posts" for ::1 at 2024-08-05 18:00:41 +0530
  
ActionController::RoutingError (No route matches [GET] "/posts"):
  
Started GET "/posts" for ::1 at 2024-08-05 18:00:42 +0530
  
ActionController::RoutingError (No route matches [GET] "/posts"):
  
Started GET "/posts" for ::1 at 2024-08-05 18:00:42 +0530
  
ActionController::RoutingError (No route matches [GET] "/posts"):
  
Started GET "/posts" for ::1 at 2024-08-05 18:00:42 +0530
  
ActionController::RoutingError (No route matches [GET] "/posts"):
  
Started GET "/posts" for ::1 at 2024-08-05 18:00:43 +0530
  
ActionController::RoutingError (No route matches [GET] "/posts"):
  
Started PUT "/posts/1" for ::1 at 2024-08-05 18:05:31 +0530
Processing by PostsController#update as */*
  Parameters: {"post"=>{"title"=>"Updated Title 1", "body"=>"This is an updated post"}, "id"=>"1"}
  [1m[36mPost Load (0.3ms)[0m  [1m[34mSELECT `posts`.* FROM `posts` WHERE `posts`.`id` = 1 LIMIT 1[0m
  ↳ app/controllers/posts_controller.rb:13:in `update'
  [1m[36mTRANSACTION (0.2ms)[0m  [1m[35mBEGIN[0m
  ↳ app/controllers/posts_controller.rb:14:in `update'
  [1m[36mPost Update (0.4ms)[0m  [1m[33mUPDATE `posts` SET `posts`.`title` = 'Updated Title 1', `posts`.`updated_at` = '2024-08-05 12:35:31.426817' WHERE `posts`.`id` = 1[0m
  ↳ app/controllers/posts_controller.rb:14:in `update'
  [1m[36mTRANSACTION (3.4ms)[0m  [1m[35mCOMMIT[0m
  ↳ app/controllers/posts_controller.rb:14:in `update'
Completed 200 OK in 3794ms (Views: 0.9ms | ActiveRecord: 4.4ms (2 queries, 0 cached) | GC: 0.4ms)


Started PUT "/posts/1" for ::1 at 2024-08-05 18:07:26 +0530
Processing by PostsController#update as */*
  Parameters: {"post"=>{"title"=>"Updated Title 12", "body"=>"This is an updated post"}, "id"=>"1"}
  [1m[36mPost Load (0.3ms)[0m  [1m[34mSELECT `posts`.* FROM `posts` WHERE `posts`.`id` = 1 LIMIT 1[0m
  ↳ app/controllers/posts_controller.rb:13:in `update'
  [1m[36mTRANSACTION (0.1ms)[0m  [1m[35mBEGIN[0m
  ↳ app/controllers/posts_controller.rb:14:in `update'
  [1m[36mPost Update (0.3ms)[0m  [1m[33mUPDATE `posts` SET `posts`.`title` = 'Updated Title 12', `posts`.`updated_at` = '2024-08-05 12:37:26.260813' WHERE `posts`.`id` = 1[0m
  ↳ app/controllers/posts_controller.rb:14:in `update'
  [1m[36mTRANSACTION (3.6ms)[0m  [1m[35mCOMMIT[0m
  ↳ app/controllers/posts_controller.rb:14:in `update'
Completed 200 OK in 690ms (Views: 1.0ms | ActiveRecord: 7.5ms (2 queries, 0 cached) | GC: 0.0ms)


Started POST "/posts" for ::1 at 2024-08-05 18:09:14 +0530
Processing by PostsController#create as */*
  Parameters: {"post"=>{"title"=>"Java", "body"=>"Learn java for future"}}
  [1m[36mTRANSACTION (0.1ms)[0m  [1m[35mBEGIN[0m
  ↳ app/controllers/posts_controller.rb:5:in `create'
  [1m[36mPost Create (1.3ms)[0m  [1m[32mINSERT INTO `posts` (`title`, `body`, `created_at`, `updated_at`) VALUES ('Java', 'Learn java for future', '2024-08-05 12:39:14.430601', '2024-08-05 12:39:14.430601')[0m
  ↳ app/controllers/posts_controller.rb:5:in `create'
  [1m[36mTRANSACTION (4.0ms)[0m  [1m[35mCOMMIT[0m
  ↳ app/controllers/posts_controller.rb:5:in `create'
Completed 201 Created in 851ms (Views: 1.0ms | ActiveRecord: 5.4ms (1 query, 0 cached) | GC: 3.2ms)


